<?xml version="1.0" encoding="UTF-8" standalone="no"?>
<entries>
    <entry t="136" type="eyePosition">0.0625:0.0625</entry>
</entries>
