<?xml version="1.0" encoding="UTF-8" standalone="no"?>
<entries>
    <entry t="417" type="eyePosition">0.0625:0.0625</entry>
    <entry t="447" type="eyePosition">0.1171875:0.1171875</entry>
    <entry t="477" type="eyePosition">0.14872288703918457:0.21468418836593628</entry>
    <entry t="509" type="eyePosition">0.17631635069847107:0.2999937832355499</entry>
    <entry t="540" type="eyePosition">0.20046064257621765:0.37463968992233276</entry>
    <entry t="571" type="eyePosition">0.23644205927848816:0.40011274814605713</entry>
    <entry t="602" type="eyePosition">0.2675926089286804:0.4215162992477417</entry>
    <entry t="633" type="eyePosition">0.2949967384338379:0.43241387605667114</entry>
    <entry t="664" type="eyePosition">0.3189825415611267:0.4402259588241577</entry>
    <entry t="695" type="eyePosition">0.33991536498069763:0.4457664489746094</entry>
    <entry t="726" type="eyePosition">0.35837408900260925:0.4495665431022644</entry>
    <entry t="757" type="eyePosition">0.37434810400009155:0.45009928941726685</entry>
    <entry t="789" type="eyePosition">0.38836467266082764:0.44698116183280945</entry>
    <entry t="820" type="eyePosition">0.40037697553634644:0.4417757987976074</entry>
    <entry t="851" type="eyePosition">0.41091322898864746:0.4360916018486023</entry>
    <entry t="881" type="eyePosition">0.4199453592300415:0.43006283044815063</entry>
    <entry t="913" type="eyePosition">0.4279729425907135:0.42425650358200073</entry>
    <entry t="943" type="eyePosition">0.4349238872528076:0.41891148686408997</entry>
    <entry t="975" type="eyePosition">0.4365377128124237:0.4152357578277588</entry>
    <entry t="1005" type="eyePosition">0.43334710597991943:0.41308456659317017</entry>
    <entry t="1036" type="eyePosition">0.4278397560119629:0.4120981693267822</entry>
    <entry t="1067" type="eyePosition">0.4219450056552887:0.4113833010196686</entry>
    <entry t="1098" type="eyePosition">0.4160810112953186:0.41068416833877563</entry>
    <entry t="1129" type="eyePosition">0.4118220806121826:0.4106687605381012</entry>
    <entry t="1160" type="eyePosition">0.41023337841033936:0.41118425130844116</entry>
    <entry t="1191" type="eyePosition">0.41018569469451904:0.4119390845298767</entry>
    <entry t="1222" type="eyePosition">0.41102084517478943:0.41285163164138794</entry>
    <entry t="1253" type="eyePosition">0.41274240612983704:0.41378119587898254</entry>
    <entry t="1285" type="eyePosition">0.41536062955856323:0.41490063071250916</entry>
    <entry t="1316" type="eyePosition">0.418251097202301:0.41568970680236816</entry>
    <entry t="1347" type="eyePosition">0.42013782262802124:0.4165533781051636</entry>
    <entry t="1379" type="eyePosition">0.4208792746067047:0.4173099994659424</entry>
    <entry t="1409" type="eyePosition">0.4204798936843872:0.41784411668777466</entry>
    <entry t="1440" type="eyePosition">0.4193047285079956:0.4183749258518219</entry>
    <entry t="1471" type="eyePosition">0.4175754487514496:0.4192659556865692</entry>
    <entry t="1502" type="eyePosition">0.4155387282371521:0.4203619658946991</entry>
    <entry t="1534" type="eyePosition">0.413499116897583:0.4213709235191345</entry>
    <entry t="1564" type="eyePosition">0.4114053547382355:0.42240679264068604</entry>
    <entry t="1595" type="eyePosition">0.4095609486103058:0.4233277440071106</entry>
    <entry t="1625" type="eyePosition">0.4078121781349182:0.4242284893989563</entry>
    <entry t="1657" type="eyePosition">0.40782997012138367:0.4250378906726837</entry>
    <entry t="1687" type="eyePosition">0.41564857959747314:0.4233804941177368</entry>
    <entry t="1717" type="eyePosition">0.43403536081314087:0.4170345067977905</entry>
    <entry t="1748" type="eyePosition">0.45574384927749634:0.40928733348846436</entry>
    <entry t="1780" type="eyePosition">0.47648024559020996:0.40134045481681824</entry>
    <entry t="1810" type="eyePosition">0.49504855275154114:0.3948381543159485</entry>
    <entry t="1840" type="eyePosition">0.5117136240005493:0.38873594999313354</entry>
    <entry t="1872" type="eyePosition">0.5264993906021118:0.38338008522987366</entry>
    <entry t="1903" type="eyePosition">0.5394245982170105:0.37875980138778687</entry>
    <entry t="1934" type="eyePosition">0.5506784915924072:0.37467148900032043</entry>
    <entry t="1965" type="eyePosition">0.5604132413864136:0.37115827202796936</entry>
    <entry t="1996" type="eyePosition">0.5670938491821289:0.36926770210266113</entry>
    <entry t="2026" type="eyePosition">0.5674687027931213:0.3721749782562256</entry>
    <entry t="2057" type="eyePosition">0.5677967071533203:0.3747188448905945</entry>
    <entry t="2089" type="eyePosition">0.56458580493927:0.3793424963951111</entry>
    <entry t="2120" type="eyePosition">0.5617762804031372:0.3833882212638855</entry>
    <entry t="2151" type="eyePosition">0.5587033033370972:0.3873913288116455</entry>
    <entry t="2181" type="eyePosition">0.5558564066886902:0.3908538818359375</entry>
    <entry t="2213" type="eyePosition">0.5534530878067017:0.3937591016292572</entry>
    <entry t="2244" type="eyePosition">0.5517247319221497:0.39565616846084595</entry>
    <entry t="2275" type="eyePosition">0.5510247349739075:0.3970825672149658</entry>
    <entry t="2306" type="eyePosition">0.5508387088775635:0.39819422364234924</entry>
    <entry t="2338" type="eyePosition">0.5508769154548645:0.39895161986351013</entry>
    <entry t="2369" type="eyePosition">0.5513837337493896:0.39953476190567017</entry>
    <entry t="2400" type="eyePosition">0.5516061782836914:0.40016457438468933</entry>
    <entry t="2431" type="eyePosition">0.5456911325454712:0.40757453441619873</entry>
    <entry t="2462" type="eyePosition">0.5379529595375061:0.41758352518081665</entry>
    <entry t="2494" type="eyePosition">0.5263404846191406:0.4341422915458679</entry>
    <entry t="2525" type="eyePosition">0.5143067836761475:0.4524383246898651</entry>
    <entry t="2555" type="eyePosition">0.50307697057724:0.4692363142967224</entry>
    <entry t="2586" type="eyePosition">0.4925808310508728:0.4842880964279175</entry>
    <entry t="2617" type="eyePosition">0.4832473397254944:0.4981749653816223</entry>
    <entry t="2647" type="eyePosition">0.47498810291290283:0.5105297565460205</entry>
    <entry t="2678" type="eyePosition">0.46766141057014465:0.5218989253044128</entry>
    <entry t="2709" type="eyePosition">0.4586247205734253:0.5327807664871216</entry>
    <entry t="2741" type="eyePosition">0.44731977581977844:0.5436469316482544</entry>
    <entry t="2771" type="eyePosition">0.43593478202819824:0.5550781488418579</entry>
    <entry t="2803" type="eyePosition">0.4254339933395386:0.5648778080940247</entry>
    <entry t="2833" type="eyePosition">0.41617894172668457:0.5733188986778259</entry>
    <entry t="2864" type="eyePosition">0.4078827500343323:0.5806125402450562</entry>
    <entry t="2895" type="eyePosition">0.4004615843296051:0.5878549218177795</entry>
    <entry t="2926" type="eyePosition">0.39396804571151733:0.5941920280456543</entry>
    <entry t="2957" type="eyePosition">0.3881915807723999:0.6001793146133423</entry>
    <entry t="2989" type="eyePosition">0.3835153877735138:0.6050317883491516</entry>
    <entry t="3020" type="eyePosition">0.37942373752593994:0.6092776656150818</entry>
    <entry t="3050" type="eyePosition">0.3776184320449829:0.6124257445335388</entry>
    <entry t="3081" type="eyePosition">0.3760387897491455:0.6151803135871887</entry>
    <entry t="3112" type="eyePosition">0.3754264712333679:0.6172736883163452</entry>
    <entry t="3143" type="eyePosition">0.3760829269886017:0.6179490685462952</entry>
    <entry t="3174" type="eyePosition">0.3766573369503021:0.6185400485992432</entry>
    <entry t="3205" type="eyePosition">0.3773287236690521:0.6188840270042419</entry>
    <entry t="3235" type="eyePosition">0.3782636523246765:0.6190009117126465</entry>
    <entry t="3266" type="eyePosition">0.3874078392982483:0.6171852350234985</entry>
    <entry t="3298" type="eyePosition">0.42416292428970337:0.6079620122909546</entry>
    <entry t="3329" type="eyePosition">0.45632362365722656:0.5998916625976562</entry>
    <entry t="3360" type="eyePosition">0.48639926314353943:0.5922740697860718</entry>
    <entry t="3391" type="eyePosition">0.5134625434875488:0.585313081741333</entry>
    <entry t="3421" type="eyePosition">0.537463903427124:0.5791245698928833</entry>
    <entry t="3452" type="eyePosition">0.5587865114212036:0.5730980634689331</entry>
    <entry t="3483" type="eyePosition">0.5772161483764648:0.567326545715332</entry>
    <entry t="3514" type="eyePosition">0.5933854579925537:0.561926007270813</entry>
    <entry t="3545" type="eyePosition">0.607305645942688:0.5565618872642517</entry>
    <entry t="3576" type="eyePosition">0.6179397106170654:0.5516666769981384</entry>
    <entry t="3607" type="eyePosition">0.625062108039856:0.5474110245704651</entry>
    <entry t="3638" type="eyePosition">0.6297352910041809:0.543975293636322</entry>
    <entry t="3669" type="eyePosition">0.6328047513961792:0.5410556197166443</entry>
    <entry t="3700" type="eyePosition">0.6347189545631409:0.5383059978485107</entry>
    <entry t="3731" type="eyePosition">0.6361206769943237:0.5357762575149536</entry>
    <entry t="3761" type="eyePosition">0.6370645761489868:0.5333786606788635</entry>
    <entry t="3793" type="eyePosition">0.6377249956130981:0.5312631130218506</entry>
    <entry t="3824" type="eyePosition">0.6381207704544067:0.5293517112731934</entry>
    <entry t="3855" type="eyePosition">0.6383382081985474:0.5277094841003418</entry>
    <entry t="3886" type="eyePosition">0.6384883522987366:0.5264052748680115</entry>
    <entry t="3916" type="eyePosition">0.6386232376098633:0.5252416729927063</entry>
    <entry t="3947" type="eyePosition">0.6368032693862915:0.5234206318855286</entry>
    <entry t="3978" type="eyePosition">0.6277388334274292:0.5193235874176025</entry>
    <entry t="4010" type="eyePosition">0.6163085699081421:0.5141686797142029</entry>
    <entry t="4041" type="eyePosition">0.6035233736038208:0.508723795413971</entry>
    <entry t="4071" type="eyePosition">0.5886766910552979:0.5036606192588806</entry>
    <entry t="4103" type="eyePosition">0.5698330402374268:0.49727579951286316</entry>
    <entry t="4134" type="eyePosition">0.5509772896766663:0.49077439308166504</entry>
    <entry t="4165" type="eyePosition">0.5337705612182617:0.4852292537689209</entry>
    <entry t="4196" type="eyePosition">0.5185468196868896:0.48061636090278625</entry>
    <entry t="4227" type="eyePosition">0.5050561428070068:0.47681179642677307</entry>
    <entry t="4258" type="eyePosition">0.49311843514442444:0.47327497601509094</entry>
    <entry t="4290" type="eyePosition">0.4825547933578491:0.47015509009361267</entry>
    <entry t="4321" type="eyePosition">0.47322747111320496:0.4676888883113861</entry>
    <entry t="4352" type="eyePosition">0.46610143780708313:0.46647214889526367</entry>
    <entry t="4382" type="eyePosition">0.4611908197402954:0.46565064787864685</entry>
    <entry t="4413" type="eyePosition">0.4579024016857147:0.46521636843681335</entry>
    <entry t="4445" type="eyePosition">0.4558597207069397:0.4653395414352417</entry>
    <entry t="4476" type="eyePosition">0.454515665769577:0.465445876121521</entry>
    <entry t="4507" type="eyePosition">0.4537278115749359:0.4654662609100342</entry>
    <entry t="4537" type="eyePosition">0.4534209966659546:0.46555256843566895</entry>
    <entry t="4569" type="eyePosition">0.45333656668663025:0.4658261835575104</entry>
    <entry t="4598" type="eyePosition">0.45311301946640015:0.46622899174690247</entry>
    <entry t="4630" type="eyePosition">0.4520786702632904:0.46669408679008484</entry>
    <entry t="4661" type="eyePosition">0.4504559338092804:0.4672520160675049</entry>
    <entry t="4692" type="eyePosition">0.44846904277801514:0.46788856387138367</entry>
    <entry t="4723" type="eyePosition">0.4463631212711334:0.46848031878471375</entry>
    <entry t="4754" type="eyePosition">0.44426581263542175:0.4689842462539673</entry>
    <entry t="4785" type="eyePosition">0.44218963384628296:0.4692527949810028</entry>
    <entry t="4816" type="eyePosition">0.44025081396102905:0.46903324127197266</entry>
    <entry t="4847" type="eyePosition">0.4386789798736572:0.46844443678855896</entry>
    <entry t="4878" type="eyePosition">0.43749913573265076:0.46769285202026367</entry>
    <entry t="4908" type="eyePosition">0.436557412147522:0.4671765863895416</entry>
    <entry t="4939" type="eyePosition">0.4358099400997162:0.4671369194984436</entry>
    <entry t="4971" type="eyePosition">0.4352281391620636:0.46752339601516724</entry>
    <entry t="5002" type="eyePosition">0.434719055891037:0.4678615629673004</entry>
    <entry t="5033" type="eyePosition">0.43438464403152466:0.4687207043170929</entry>
    <entry t="5064" type="eyePosition">0.4340957999229431:0.469516396522522</entry>
    <entry t="5095" type="eyePosition">0.4337705075740814:0.4703487753868103</entry>
    <entry t="5126" type="eyePosition">0.43345803022384644:0.4708785116672516</entry>
    <entry t="5157" type="eyePosition">0.43318411707878113:0.4711962044239044</entry>
    <entry t="5188" type="eyePosition">0.43296200037002563:0.4714292287826538</entry>
    <entry t="5219" type="eyePosition">0.43275660276412964:0.4716758131980896</entry>
    <entry t="5250" type="eyePosition">0.43250176310539246:0.4722673296928406</entry>
    <entry t="5281" type="eyePosition">0.4322096109390259:0.4731021225452423</entry>
    <entry t="5313" type="eyePosition">0.43192988634109497:0.4740874171257019</entry>
    <entry t="5344" type="eyePosition">0.4317549467086792:0.47512125968933105</entry>
    <entry t="5375" type="eyePosition">0.4315994381904602:0.4761064946651459</entry>
    <entry t="5406" type="eyePosition">0.431458055973053:0.47704017162323</entry>
    <entry t="5438" type="eyePosition">0.4312463402748108:0.47785553336143494</entry>
    <entry t="5468" type="eyePosition">0.4309501051902771:0.47848623991012573</entry>
    <entry t="5500" type="eyePosition">0.4305889904499054:0.4788966774940491</entry>
    <entry t="5531" type="eyePosition">0.4304344654083252:0.4789058566093445</entry>
    <entry t="5562" type="eyePosition">0.4327406883239746:0.47399720549583435</entry>
    <entry t="5593" type="eyePosition">0.436292827129364:0.46655353903770447</entry>
    <entry t="5624" type="eyePosition">0.4405384361743927:0.4574759006500244</entry>
    <entry t="5654" type="eyePosition">0.44530022144317627:0.4476245939731598</entry>
    <entry t="5685" type="eyePosition">0.45015037059783936:0.4380524754524231</entry>
    <entry t="5717" type="eyePosition">0.4546530544757843:0.42853841185569763</entry>
    <entry t="5747" type="eyePosition">0.4587095379829407:0.419251412153244</entry>
    <entry t="5778" type="eyePosition">0.46220776438713074:0.41092514991760254</entry>
    <entry t="5809" type="eyePosition">0.4647071361541748:0.4040616750717163</entry>
    <entry t="5840" type="eyePosition">0.46659284830093384:0.3984348475933075</entry>
    <entry t="5871" type="eyePosition">0.46798670291900635:0.39387187361717224</entry>
    <entry t="5903" type="eyePosition">0.4690040946006775:0.39038553833961487</entry>
    <entry t="5934" type="eyePosition">0.46913397312164307:0.39016062021255493</entry>
    <entry t="5965" type="eyePosition">0.46924763917922974:0.38996386528015137</entry>
    <entry t="5996" type="eyePosition">0.46917614340782166:0.39077022671699524</entry>
    <entry t="6027" type="eyePosition">0.4689040184020996:0.39280861616134644</entry>
    <entry t="6058" type="eyePosition">0.4686658978462219:0.39459219574928284</entry>
    <entry t="6090" type="eyePosition">0.4683568477630615:0.3963347375392914</entry>
    <entry t="6121" type="eyePosition">0.46804386377334595:0.3981468081474304</entry>
    <entry t="6151" type="eyePosition">0.46763598918914795:0.39962393045425415</entry>
    <entry t="6183" type="eyePosition">0.4673268795013428:0.40083009004592896</entry>
    <entry t="6214" type="eyePosition">0.46700286865234375:0.4020536541938782</entry>
    <entry t="6245" type="eyePosition">0.46663007140159607:0.4033173620700836</entry>
    <entry t="6276" type="eyePosition">0.4662975072860718:0.4047418236732483</entry>
    <entry t="6306" type="eyePosition">0.4661197364330292:0.40604168176651</entry>
    <entry t="6337" type="eyePosition">0.466149240732193:0.40690064430236816</entry>
    <entry t="6368" type="eyePosition">0.4661966562271118:0.4075256586074829</entry>
    <entry t="6399" type="eyePosition">0.4662570357322693:0.4079974293708801</entry>
    <entry t="6429" type="eyePosition">0.4663047790527344:0.4083918035030365</entry>
    <entry t="6460" type="eyePosition">0.46618378162384033:0.408856600522995</entry>
    <entry t="6491" type="eyePosition">0.46607792377471924:0.4092632830142975</entry>
    <entry t="6523" type="eyePosition">0.4659839868545532:0.4096149802207947</entry>
    <entry t="6554" type="eyePosition">0.4650861620903015:0.41021794080734253</entry>
    <entry t="6585" type="eyePosition">0.4619433581829071:0.41260984539985657</entry>
    <entry t="6615" type="eyePosition">0.45770707726478577:0.416341096162796</entry>
    <entry t="6647" type="eyePosition">0.45295625925064087:0.4208572804927826</entry>
    <entry t="6678" type="eyePosition">0.4488753378391266:0.4249781370162964</entry>
    <entry t="6709" type="eyePosition">0.44669219851493835:0.43006470799446106</entry>
    <entry t="6740" type="eyePosition">0.4455559253692627:0.4351944923400879</entry>
    <entry t="6770" type="eyePosition">0.44536906480789185:0.4403972029685974</entry>
    <entry t="6801" type="eyePosition">0.44567781686782837:0.4452804923057556</entry>
    <entry t="6832" type="eyePosition">0.446181982755661:0.44939616322517395</entry>
    <entry t="6864" type="eyePosition">0.44670942425727844:0.4531704783439636</entry>
    <entry t="6894" type="eyePosition">0.44712257385253906:0.4566481411457062</entry>
    <entry t="6925" type="eyePosition">0.4468909204006195:0.45974990725517273</entry>
    <entry t="6955" type="eyePosition">0.4461846351623535:0.46233075857162476</entry>
    <entry t="6986" type="eyePosition">0.4452788531780243:0.4645983576774597</entry>
    <entry t="7017" type="eyePosition">0.4442366361618042:0.46676722168922424</entry>
    <entry t="7048" type="eyePosition">0.44331642985343933:0.4689108729362488</entry>
    <entry t="7079" type="eyePosition">0.4422939419746399:0.4710997939109802</entry>
    <entry t="7111" type="eyePosition">0.4413711130619049:0.47274211049079895</entry>
    <entry t="7140" type="eyePosition">0.44056668877601624:0.474007248878479</entry>
    <entry t="7171" type="eyePosition">0.43983325362205505:0.4748757481575012</entry>
    <entry t="7203" type="eyePosition">0.43917468190193176:0.4751637279987335</entry>
    <entry t="7234" type="eyePosition">0.4385564923286438:0.47508466243743896</entry>
    <entry t="7264" type="eyePosition">0.4384433329105377:0.47502294182777405</entry>
    <entry t="7295" type="eyePosition">0.44077247381210327:0.47492823004722595</entry>
    <entry t="7326" type="eyePosition">0.44707024097442627:0.4746285080909729</entry>
    <entry t="7358" type="eyePosition">0.4552752673625946:0.4742988049983978</entry>
    <entry t="7388" type="eyePosition">0.46409472823143005:0.4735809862613678</entry>
    <entry t="7419" type="eyePosition">0.47226813435554504:0.4726690948009491</entry>
    <entry t="7449" type="eyePosition">0.4798143208026886:0.4717176556587219</entry>
    <entry t="7481" type="eyePosition">0.48685845732688904:0.4704662561416626</entry>
    <entry t="7511" type="eyePosition">0.4933336675167084:0.46911874413490295</entry>
    <entry t="7542" type="eyePosition">0.49887949228286743:0.46791794896125793</entry>
    <entry t="7573" type="eyePosition">0.5035427212715149:0.46709126234054565</entry>
    <entry t="7604" type="eyePosition">0.5068856477737427:0.4664604067802429</entry>
    <entry t="7635" type="eyePosition">0.5091337561607361:0.4660593569278717</entry>
    <entry t="7667" type="eyePosition">0.5105165839195251:0.4659750759601593</entry>
    <entry t="7696" type="eyePosition">0.5112445950508118:0.46647709608078003</entry>
    <entry t="7728" type="eyePosition">0.5116580128669739:0.46714186668395996</entry>
    <entry t="7759" type="eyePosition">0.5118760466575623:0.46787986159324646</entry>
    <entry t="7791" type="eyePosition">0.5119420289993286:0.4684242606163025</entry>
    <entry t="7821" type="eyePosition">0.5118559002876282:0.4686904847621918</entry>
    <entry t="7853" type="eyePosition">0.5115664601325989:0.46886149048805237</entry>
    <entry t="7884" type="eyePosition">0.5112158060073853:0.46888530254364014</entry>
    <entry t="7915" type="eyePosition">0.510989785194397:0.4686613976955414</entry>
    <entry t="7947" type="eyePosition">0.5109110474586487:0.4682868421077728</entry>
    <entry t="7978" type="eyePosition">0.5108982920646667:0.4679619073867798</entry>
    <entry t="8009" type="eyePosition">0.5109526515007019:0.4676690399646759</entry>
    <entry t="8039" type="eyePosition">0.5110266208648682:0.467242956161499</entry>
    <entry t="8069" type="eyePosition">0.5111425518989563:0.466746985912323</entry>
    <entry t="8100" type="eyePosition">0.5101050138473511:0.46629753708839417</entry>
    <entry t="8131" type="eyePosition">0.5017135143280029:0.46655941009521484</entry>
    <entry t="8162" type="eyePosition">0.48878759145736694:0.4697611629962921</entry>
    <entry t="8193" type="eyePosition">0.47538894414901733:0.4751278758049011</entry>
    <entry t="8223" type="eyePosition">0.46280810236930847:0.480535089969635</entry>
    <entry t="8254" type="eyePosition">0.4511694312095642:0.4857249855995178</entry>
    <entry t="8285" type="eyePosition">0.4409855902194977:0.4902661442756653</entry>
    <entry t="8316" type="eyePosition">0.432045578956604:0.4944464862346649</entry>
    <entry t="8347" type="eyePosition">0.42415231466293335:0.49817320704460144</entry>
    <entry t="8379" type="eyePosition">0.41724568605422974:0.5014340877532959</entry>
    <entry t="8409" type="eyePosition">0.4112994372844696:0.5044740438461304</entry>
    <entry t="8440" type="eyePosition">0.4060305953025818:0.5074363350868225</entry>
    <entry t="8470" type="eyePosition">0.4019511342048645:0.5105037689208984</entry>
    <entry t="8501" type="eyePosition">0.4000447392463684:0.5133232474327087</entry>
    <entry t="8532" type="eyePosition">0.3993138074874878:0.5157114267349243</entry>
    <entry t="8563" type="eyePosition">0.4000628590583801:0.5174419283866882</entry>
    <entry t="8594" type="eyePosition">0.4019305109977722:0.5185580253601074</entry>
    <entry t="8625" type="eyePosition">0.4035646915435791:0.5195346474647522</entry>
    <entry t="8656" type="eyePosition">0.40604960918426514:0.5197765827178955</entry>
    <entry t="8687" type="eyePosition">0.41536620259284973:0.5128024816513062</entry>
    <entry t="8718" type="eyePosition">0.43775323033332825:0.48669809103012085</entry>
    <entry t="8749" type="eyePosition">0.4622199535369873:0.45578283071517944</entry>
    <entry t="8781" type="eyePosition">0.4852633476257324:0.426218181848526</entry>
    <entry t="8812" type="eyePosition">0.5057253241539001:0.4002508521080017</entry>
    <entry t="8843" type="eyePosition">0.523720383644104:0.37721192836761475</entry>
    <entry t="8875" type="eyePosition">0.5399564504623413:0.355495810508728</entry>
    <entry t="8905" type="eyePosition">0.55629563331604:0.3339662253856659</entry>
    <entry t="8936" type="eyePosition">0.57059246301651:0.3151278495788574</entry>
    <entry t="8967" type="eyePosition">0.5835815072059631:0.2986065447330475</entry>
    <entry t="8998" type="eyePosition">0.5949791073799133:0.2843863070011139</entry>
    <entry t="9029" type="eyePosition">0.6049615740776062:0.27206602692604065</entry>
    <entry t="9060" type="eyePosition">0.6138139367103577:0.26192426681518555</entry>
    <entry t="9091" type="eyePosition">0.6215603947639465:0.25257670879364014</entry>
    <entry t="9122" type="eyePosition">0.628285825252533:0.2438507378101349</entry>
    <entry t="9153" type="eyePosition">0.6343140006065369:0.23590488731861115</entry>
    <entry t="9184" type="eyePosition">0.6397651433944702:0.22931727766990662</entry>
    <entry t="9215" type="eyePosition">0.6446929574012756:0.22350309789180756</entry>
    <entry t="9246" type="eyePosition">0.6490048170089722:0.21841569244861603</entry>
    <entry t="9277" type="eyePosition">0.652791440486908:0.2141008973121643</entry>
    <entry t="9307" type="eyePosition">0.6560156941413879:0.2104663848876953</entry>
    <entry t="9339" type="eyePosition">0.6563950181007385:0.2095140665769577</entry>
    <entry t="9370" type="eyePosition">0.6535515785217285:0.21045047044754028</entry>
    <entry t="9401" type="eyePosition">0.6493579745292664:0.21382994949817657</entry>
    <entry t="9431" type="eyePosition">0.6451565623283386:0.21821731328964233</entry>
    <entry t="9463" type="eyePosition">0.6411001086235046:0.2234509438276291</entry>
    <entry t="9493" type="eyePosition">0.6387335062026978:0.22744081914424896</entry>
    <entry t="9525" type="eyePosition">0.6376529932022095:0.2303617000579834</entry>
    <entry t="9556" type="eyePosition">0.6370939016342163:0.2325872778892517</entry>
    <entry t="9587" type="eyePosition">0.6368873119354248:0.2343466877937317</entry>
    <entry t="9618" type="eyePosition">0.6370155215263367:0.2356550693511963</entry>
    <entry t="9650" type="eyePosition">0.637222945690155:0.23672278225421906</entry>
    <entry t="9681" type="eyePosition">0.6374508142471313:0.23774611949920654</entry>
    <entry t="9711" type="eyePosition">0.6377652883529663:0.23893007636070251</entry>
    <entry t="9742" type="eyePosition">0.638090968132019:0.24019452929496765</entry>
    <entry t="9773" type="eyePosition">0.6384049654006958:0.24129773676395416</entry>
    <entry t="9804" type="eyePosition">0.6387315988540649:0.242160826921463</entry>
    <entry t="9835" type="eyePosition">0.638741135597229:0.24305808544158936</entry>
    <entry t="9865" type="eyePosition">0.6385201215744019:0.24386996030807495</entry>
    <entry t="9897" type="eyePosition">0.6381858587265015:0.244381383061409</entry>
    <entry t="9928" type="eyePosition">0.637810230255127:0.24477288126945496</entry>
    <entry t="9959" type="eyePosition">0.6373960971832275:0.2452232837677002</entry>
    <entry t="9990" type="eyePosition">0.6370092630386353:0.24575521051883698</entry>
    <entry t="10020" type="eyePosition">0.6366448998451233:0.2463485300540924</entry>
    <entry t="10051" type="eyePosition">0.6363728046417236:0.24702683091163635</entry>
    <entry t="10083" type="eyePosition">0.6361324191093445:0.24766579270362854</entry>
    <entry t="10115" type="eyePosition">0.6358120441436768:0.24824349582195282</entry>
    <entry t="10147" type="eyePosition">0.6354981064796448:0.2487676590681076</entry>
</entries>
